0.243565 130
4.981294 1
0.089053 1
0.183222 1
0.103672 1
5.096996 1
0.258256 1
0.106418 1
0.972409 1
0.377224 1
0.350365 1
0.135451 1
0.447201 1
0.143924 1
0.216781 11
0.003152 1197
0.000896 8
0.000010 122
8.180252 1
0.240346 1
0.144083 1
0.154980 1
1.772882 1
0.216228 1
0.065665 1
1.503110 1
0.183863 1
1.408941 1
0.164801 1
0.457679 1
0.393028 1
1.904013 1
0.178127 1
0.065571 1
0.519595 4
0.909957 1
1.071802 1
0.503721 1
0.239605 1
0.080517 1
0.600106 1
0.447211 4
0.105890 1
0.151462 1
1.150445 1
0.184544 1
1.503555 11
0.003139 79
0.004487 100
0.001159 130
4.752832 1
0.207833 24
0.368916 1
0.182894 1
0.160863 1
0.184240 1
0.166976 1
0.160977 1
0.182856 1
0.200272 1
1.050102 21
0.339694 17
1.177281 11
0.246430 130
1.802347 1
0.161889 1
1.143464 1
0.239436 1
0.082289 1
1.357963 1
0.218665 1
2.891177 1
0.178810 1
0.845358 2
0.000070 9
0.002687 41
0.000152 45
2.000076 41
0.999685 41
0.004346 8
0.000060 122
5.188620 28
0.000037 2
0.000164 130
7.514062 11
0.000176 19
0.000077 8
0.000019 122
23.384756 1
0.238654 1
0.083359 1
0.142932 1
0.294532 2
0.000049 9
0.000097 6
