0.222972 126
4.220952 40
0.559607 48
0.462328 12
0.520683 20
2.207003 1
0.207872 1
0.183929 1
0.200153 1
0.464950 1
1.623543 3
2.554749 13
0.687279 9
1.223127 13
0.199899 9
0.519853 3
0.500581 3
0.013518 3
0.034785 3
0.028996 1
0.031008 1
0.031190 1
0.031380 1
0.030950 1
0.031644 1
0.032308 1
0.030722 1
0.045994 1
2.239015 11
0.198716 126
2.296597 1
0.126811 1
0.105152 1
0.799221 4
1.663891 4
0.664716 1
1.087348 1
0.769136 1
0.334918 1
0.240831 1
0.176047 1
0.106716 1
1.222918 1
0.149918 1
0.176924 1
0.111365 1
0.345046 1
0.142226 1
0.295891 1
0.146139 1
2.240850 11
0.001874 13
0.037372 6
0.001823 126
7.070153 1
0.000170 1
0.000239 1
0.110900 1
0.000399 1
4.113310 4
1.359170 1
0.217890 1
0.086281 1
0.953755 1
0.256210 1
1.166295 1
0.167325 1
0.425180 1
0.128164 1
0.440051 11
0.002497 642
0.000525 8
0.000059 118
1.052005 1
0.185283 1
0.705714 1
0.373000 1
0.827364 1
0.132828 1
0.201176 1
0.000125 1
0.743794 4
0.352017 1
0.640699 1
0.231974 1
0.191467 1
0.144627 1
0.448856 11
0.001627 4
0.000607 8
0.000033 118
7.068119 1
0.215955 1
0.210603 1
0.103603 1
0.446856 11
0.000087 6
