0.061542 108
0.971817 15
0.198162 34
2.848839 2
0.009658 78
0.000317 90
0.000480 108
1.983236 1
0.145988 1
2.343062 1
0.135563 1
0.823685 1
0.201682 1
0.070499 1
0.217201 1
0.134449 6
0.921114 1
0.065155 1
0.109338 1
0.152065 1
0.488116 4
0.448017 4
0.402601 1
0.110451 1
0.115987 4
2.707426 1
0.130418 1
0.215969 1
0.237467 1
0.254877 1
0.488415 1
0.809482 1
0.127983 1
1.054170 4
0.177861 4
0.159581 4
0.257358 1
0.879568 1
0.209715 1
0.460567 4
0.427033 1
0.324309 2
1.274523 1
0.128918 1
0.159331 1
0.427133 1
2.219374 2
0.000333 170
2.697125 33
0.521779 59
2.132880 2
0.178528 170
0.718383 21
0.200471 54
0.763449 59
0.749447 38
1.942247 2
0.237406 54
0.000608 1712
0.003610 4030
1.487858 6
0.000088 130
0.000737 194
0.004210 5
0.000069 56
0.001522 104
0.000140 471
0.000401 50
0.000663 12
5.105170 1
0.295510 1
0.336008 1
0.184553 1
2.694529 94
0.000170 25
3.257023 1
0.182925 1
0.218524 1
0.198583 1
0.183164 1
0.104927 1
0.297268 1
0.127440 1
0.614292 1
1.273284 1
0.257634 1
0.183237 1
0.103084 1
0.368216 1
0.672034 1
0.104916 1
0.217582 1
1.389914 106
0.179658 14
0.000137 46
0.002590 6
0.000216 7
0.000108 15
0.000884 6
0.129637 14
0.000150 8
0.000995 28
0.000925 6
0.001359 16
0.000144 12
0.002445 140
0.000206 148
0.000170 27
4.080656 1
0.215487 1
0.105543 1
0.167747 1
0.097378 1
0.166644 1
0.241852 1
0.063258 1
0.238708 1
0.225133 1
0.350791 1
1.239759 6
0.000083 32
0.000394 6
0.783988 1
0.239994 1
0.119811 1
0.146239 1
0.085508 1
0.184595 1
0.239092 1
0.065733 1
0.349253 1
0.169823 1
0.745354 1
2.071156 6
0.000089 32
0.000401 6
7.976048 1
1.409202 14
0.003317 26
0.000094 8
0.000049 138
0.000120 28
0.000074 12
2.068836 1
0.215280 1
0.127136 1
0.143442 1
0.105124 1
0.107016 1
0.277812 1
0.045520 1
0.825821 1
0.142360 1
0.414089 1
0.634015 23
0.000142 21
4.343814 1
0.234096 1
0.103151 1
0.144314 1
0.103057 1
0.144372 1
0.254903 1
0.065998 1
0.655658 1
0.144133 1
0.521101 1
33.648714 6
0.000081 26
0.000463 12
1.391796 1
0.216188 1
0.122094 1
0.167183 1
0.103255 1
0.144081 1
0.258253 1
0.086231 1
0.199524 1
0.937273 1
0.165679 6
0.000108 38
13.644829 1
1.204181 14
0.002122 5
0.000045 8
0.000310 5
0.000039 135
0.000175 169
0.000119 28
0.000069 12
1.975306 1
0.272385 6
0.000077 8
0.002824 34
0.000107 138
0.000142 40
1.012370 1
0.277952 14
0.002501 5
0.000070 8
0.000293 13
0.000091 161
0.000140 148
0.000173 27
0.894994 1
0.278295 14
0.003210 28
0.000131 6
0.000047 34
0.000088 301
0.000232 276
0.000334 12
12.726643 1
1.032916 9
0.000119 297
0.001158 164
0.695127 1
2.381061 157
0.000242 141
0.001702 35
0.000108 86
0.000100 21
0.000125 21
0.522703 1
0.204688 1
0.000058 294
0.001430 32
0.000092 39
0.000090 64
0.000116 21
0.542199 1
0.206765 153
0.000229 16
0.001126 5
0.000048 52
0.000075 48
0.000052 55
0.000064 88
0.000154 218
0.000260 551
0.000419 12
6.255857 1
0.766677 32
0.009612 170
4.144523 6
