0.049370 108
2.541699 1
0.150129 1
0.201795 1
0.661365 1
0.496538 1
0.093884 1
0.273697 1
0.144541 1
0.162116 1
0.726686 1
0.122659 1
0.291953 2
0.010662 12
0.000157 29
0.000499 108
2.549272 11
0.160541 22
0.234634 17
0.237162 41
0.199933 41
0.351445 38
0.447924 2
0.000262 166
0.840791 1
0.144215 1
0.184716 1
0.103910 1
0.216740 1
0.123019 1
1.132049 1
0.160171 1
0.183631 1
0.695384 1
0.104657 1
0.686626 2
0.005921 233
0.000510 166
8.212451 1
0.126349 1
0.976798 4
0.144916 4
0.552992 1
0.278098 1
0.184129 1
0.353187 1
0.334449 1
0.455848 1
0.335968 1
0.183807 1
0.225533 1
0.704806 1
0.110185 1
0.576864 2
0.062704 62
0.000290 341
0.097967 166
2.176276 1
0.200755 1
0.101168 1
0.600521 4
1.279941 1
0.176594 1
0.296337 1
0.239423 1
0.177485 1
0.429981 1
0.447627 1
0.146177 1
0.183482 1
0.110799 1
1.200683 1
0.223479 1
0.209147 1
0.128055 1
1.294901 2
0.005005 23
0.000133 31
0.000425 166
2.194824 1
0.151469 1
0.000188 1
0.184327 1
0.391667 4
0.176064 4
0.200261 1
0.200327 1
0.240136 1
0.159088 1
0.336365 1
0.179090 1
1.124832 1
0.241354 1
0.239639 1
0.127897 1
0.423246 2
0.006284 13
0.000198 29
0.000465 166
10.858128 1
0.384699 1
0.294946 2
0.012980 235
0.000635 166
5.595704 1
0.168442 1
0.207440 1
0.106239 1
0.239246 1
0.166669 1
0.240766 1
0.167445 1
0.878990 1
0.161538 1
0.230702 1
0.128122 1
0.200088 2
0.006427 13
0.000239 29
0.000545 166
6.091351 6
