0.057028 108
2.246784 12
0.136703 17
0.313497 14
0.205476 28
0.279307 31
0.393119 38
0.391400 40
0.823955 2
0.000220 166
4.585477 1
0.159728 1
0.200381 1
0.166934 1
0.720244 1
0.162131 1
0.693881 1
0.281445 1
0.430196 1
0.144302 1
1.632843 2
0.009897 579
0.000710 166
4.354359 1
0.259355 1
0.153518 1
0.223292 1
0.919251 1
0.145445 1
0.647097 1
0.222660 1
0.463943 1
0.144430 1
2.047924 2
0.162418 166
1.054786 1
0.183287 1
0.137598 1
0.142942 1
0.672196 1
0.240729 1
0.199309 1
1.895907 1
2.432283 1
0.168833 1
0.222781 1
0.120273 1
0.847334 1
0.177710 1
0.206882 1
0.184332 1
0.688383 1
1.183732 1
0.337978 1
0.758134 1
0.176864 1
0.282114 1
0.132875 1
0.991385 2
0.008931 166
7.240205 6
