0.052770 108
0.747919 1
0.168130 1
0.415568 4
0.175773 4
0.609592 23
0.142875 38
0.119639 34
0.602415 39
0.694003 2
0.000197 166
1.120140 1
0.127822 1
0.186574 1
0.176275 1
0.505380 1
0.143201 1
0.902429 1
1.639901 1
0.278627 1
0.200155 1
0.898576 2
0.009504 558
0.000808 166
9.382865 1
0.254468 1
0.142849 1
0.218348 1
0.262471 1
0.136602 1
0.597966 1
0.560283 1
0.351585 1
0.144353 1
2.279859 2
0.191625 166
0.832843 1
0.177777 1
0.182423 1
0.120294 1
0.256162 1
0.225457 2
0.078663 1
0.441655 4
0.160752 4
0.181266 1
6.234848 1
1.478092 1
0.183489 1
0.311905 1
0.147560 1
1.014402 1
0.616671 1
0.207868 1
0.151249 1
1.206492 1
0.696832 1
0.503247 1
0.625691 1
4.966599 1
0.202262 1
0.111245 1
5.235100 1
2.813122 1
0.161727 1
0.183349 1
0.832878 4
0.159286 4
0.136371 4
0.542607 1
0.280190 1
0.103675 1
0.480793 1
0.200949 1
0.182153 1
0.151335 1
7.009027 2
0.006256 166
2.882844 1
0.145146 1
0.725886 2
0.008714 356
0.000652 166
19.201467 6
