0.053314 108
1.451254 10
0.159662 34
0.145028 39
0.742956 2
0.000229 166
2.178309 1
0.150794 1
0.184486 1
1.254865 1
0.218060 1
0.142833 1
1.034383 1
0.356465 1
0.332183 1
0.118079 1
6.558609 2
0.010863 398
0.000672 166
1.796582 1
0.313324 1
0.139043 1
0.526058 1
0.326872 1
0.144360 1
1.407467 1
0.314245 1
0.596393 1
0.081667 1
3.263122 2
0.168730 166
1.416708 1
0.199493 1
0.249506 1
0.877843 1
0.298537 4
0.166371 4
0.159935 4
0.879224 1
0.249125 1
0.087130 1
0.256928 1
0.239731 1
0.087107 1
0.784095 1
7.520821 1
0.234320 1
0.109809 1
0.970315 1
0.197929 1
0.208129 1
0.128473 1
2.583170 1
0.697858 1
0.169749 1
0.205162 1
0.024595 1
0.105178 1
1.055289 4
0.591120 4
0.144325 1
0.991261 1
0.408150 1
0.184017 1
0.105014 1
0.719345 4
0.155266 4
0.349047 1
0.223250 1
2.280555 1
0.375728 1
0.128360 1
0.122526 1
0.846528 1
0.176361 1
0.246826 1
0.104922 1
1.166574 2
0.008756 166
1.457145 1
0.107772 1
0.627157 2
0.007819 424
0.000557 166
6.208376 6
