0.054062 108
1.186290 2
0.104222 34
0.161806 45
0.429663 34
0.431882 39
0.594121 2
0.000239 166
0.958066 1
0.162301 1
0.201027 1
0.445650 1
0.575989 1
0.144058 1
0.673900 1
0.430281 1
1.158750 1
0.123849 1
0.142474 2
0.006879 2074
0.001460 166
3.781759 1
0.163453 1
0.956599 4
0.161269 4
0.633076 1
0.272587 1
0.161304 1
0.941813 1
1.655925 1
0.119507 1
0.732509 1
0.389938 1
0.390262 1
0.120097 1
0.862043 2
0.190744 166
1.618278 1
0.200935 1
0.195252 1
0.126646 1
0.877672 1
0.258884 1
0.125553 1
0.145523 1
0.421318 2
0.004499 84
1.917335 1
0.246576 1
0.301268 1
0.290761 1
0.248780 1
0.312648 1
0.630194 2
0.011904 49
0.000105 36
0.000483 58
1.852856 1
0.248834 1
1.049465 1
0.742530 1
0.240420 1
0.183971 1
0.709671 2
0.001456 49
0.000090 36
0.000428 58
5.942709 1
0.544408 3
0.618373 1
0.278879 1
0.183770 1
0.240995 1
0.158305 1
0.824467 1
0.481633 2
0.001415 49
0.000073 36
0.000342 57
1.805975 1
0.102887 1
0.784540 1
0.201366 1
0.178029 1
0.165992 1
0.613532 2
0.001325 49
0.000224 36
0.000491 57
2.790573 1
0.279365 1
0.144081 1
0.128319 1
0.175656 1
0.369978 2
0.001641 49
0.000092 36
0.000415 63
2.927455 1
0.126433 1
0.270965 1
0.281663 1
0.685555 1
0.370464 2
0.001325 85
0.000279 16
0.000259 45
14.253725 1
0.241083 1
0.255971 1
0.615307 2
0.001369 85
0.000197 61
4.398223 1
0.295912 2
0.001345 49
0.000097 36
0.000662 61
7.743282 49
0.000476 36
0.000845 61
1.371096 49
0.000318 36
0.000630 16
0.000229 45
5.290032 1
0.361992 1
0.138193 1
0.200410 1
0.403401 2
0.001314 85
0.000200 62
1.711860 1
0.167559 1
0.064963 1
0.481825 3
0.265374 2
0.507868 3
0.160513 3
0.167125 3
0.159966 3
1.302878 582
0.001684 85
0.000422 62
0.001856 49
0.000144 36
0.000692 62
0.001363 49
0.000448 98
0.001756 85
0.000368 62
0.002261 49
0.002074 98
0.000827 147
0.001768 49
0.000282 36
0.000748 62
0.001265 49
0.000181 36
0.000624 62
0.001512 49
0.000176 36
0.000634 62
0.001357 49
0.000138 36
0.000686 62
0.001883 49
0.002346 98
0.000836 147
0.001443 85
0.000218 62
0.001115 49
0.000084 36
0.000394 62
0.000819 49
0.000077 36
0.000441 62
0.001236 49
0.000106 36
0.000488 62
0.000878 49
0.000112 36
0.000309 62
0.000946 49
0.000106 36
0.000348 62
0.000890 49
0.000094 36
0.000403 62
0.000981 49
0.002024 245
0.001187 49
0.000121 36
0.000446 62
0.001194 49
0.000093 36
0.000389 62
0.000928 49
0.000080 36
0.000369 62
0.000735 49
0.000141 36
0.000349 62
0.000900 85
0.000222 62
0.001131 85
0.000209 62
0.001170 85
0.000235 62
0.001107 85
0.000230 62
0.001122 49
0.002398 98
7.834285 2
0.000310 2
0.000187 166
2.822814 6
